#
# A fatal error has been detected by the Java Runtime Environment:
#
#  EXCEPTION_ACCESS_VIOLATION (0xc0000005) at pc=0x00007ff97035c8e8, pid=3560, tid=8096
#
# JRE version: OpenJDK Runtime Environment Temurin-17.0.4+8 (17.0.4+8) (build 17.0.4+8)
# Java VM: OpenJDK 64-Bit Server VM Temurin-17.0.4+8 (17.0.4+8, mixed mode, tiered, compressed oops, compressed class ptrs, parallel gc, windows-amd64)
# Problematic frame:
# V  [jvm.dll+0xc8e8]
#
# No core dump will be written. Minidumps are not enabled by default on client versions of Windows
#
# If you would like to submit a bug report, please visit:
#   https://github.com/adoptium/adoptium-support/issues
#

---------------  S U M M A R Y ------------

Command Line: --add-modules=ALL-SYSTEM --add-opens=java.base/java.util=ALL-UNNAMED --add-opens=java.base/java.lang=ALL-UNNAMED --add-opens=java.base/sun.nio.fs=ALL-UNNAMED -Declipse.application=org.eclipse.jdt.ls.core.id1 -Dosgi.bundles.defaultStartLevel=4 -Declipse.product=org.eclipse.jdt.ls.core.product -Djava.import.generatesMetadataFilesAtProjectRoot=false -Dfile.encoding=utf8 -DwatchParentProcess=false -XX:+UseParallelGC -XX:GCTimeRatio=4 -XX:AdaptiveSizePolicyWeight=90 -Dsun.zip.disableMemoryMapping=true -Xmx1G -Xms100m -Xlog:jni+resolve=off -javaagent:c:\Users\EJAZ\.vscode\extensions\redhat.java-1.10.0-win32-x64\lombok\lombok-1.18.24.jar -XX:+HeapDumpOnOutOfMemoryError -XX:HeapDumpPath=c:\Users\EJAZ\AppData\Roaming\Code\User\workspaceStorage\f992ae9089c7dd3efe3ce54fda90f132\redhat.java c:\Users\EJAZ\.vscode\extensions\redhat.java-1.10.0-win32-x64\server\plugins\org.eclipse.equinox.launcher_1.6.400.v20210924-0641.jar -configuration c:\Users\EJAZ\AppData\Roaming\Code\User\globalStorage\redhat.java\1.10.0\config_win -data c:\Users\EJAZ\AppData\Roaming\Code\User\workspaceStorage\f992ae9089c7dd3efe3ce54fda90f132\redhat.java\jdt_ws

Host: Intel(R) Core(TM) i7-2820QM CPU @ 2.30GHz, 8 cores, 7G,  Windows 10 , 64 bit Build 19041 (10.0.19041.1889)
Time: Thu Sep 29 12:45:03 2022 Pakistan Standard Time elapsed time: 759.980396 seconds (0d 0h 12m 39s)

---------------  T H R E A D  ---------------

Current thread (0x0000019bfceed9d0):  GCTaskThread "GC Thread#2" [stack: 0x00000070a2a00000,0x00000070a2b00000] [id=8096]

Stack: [0x00000070a2a00000,0x00000070a2b00000],  sp=0x00000070a2aff4b8,  free space=1021k
Native frames: (J=compiled Java code, j=interpreted, Vv=VM code, C=native code)
V  [jvm.dll+0xc8e8]


siginfo: EXCEPTION_ACCESS_VIOLATION (0xc0000005), reading address 0x0000000000000008


Register to memory mapping:

RIP=0x00007ff97035c8e8 jvm.dll
RAX=0x0000000000000001 is an unknown value
RBX=0x00000000eb674318 is an oop: org.eclipse.jdt.core.dom.SimpleName 
{0x00000000eb674318} - klass: 'org/eclipse/jdt/core/dom/SimpleName'
 - ---- fields (total size 7 words):
 - private 'startPosition' 'I' @12  38 (26)
 - private 'length' 'I' @16  4
 - 'typeAndFlags' 'I' @20  2752518 (2a0006)
 - public transient '$isGenerated' 'Z' @24  false
 - final 'ast' 'Lorg/eclipse/jdt/core/dom/AST;' @28  a 'org/eclipse/jdt/core/dom/AST'{0x00000000eb672c10} (eb672c10)
 - private 'parent' 'Lorg/eclipse/jdt/core/dom/ASTNode;' @32  a 'org/eclipse/jdt/core/dom/QualifiedName'{0x00000000eb6742d8} (eb6742d8)
 - private 'property1' 'Ljava/lang/Object;' @36  NULL (0)
 - private 'property2' 'Ljava/lang/Object;' @40  NULL (0)
 - private 'location' 'Lorg/eclipse/jdt/core/dom/StructuralPropertyDescriptor;' @44  a 'org/eclipse/jdt/core/dom/ChildPropertyDescriptor'{0x00000000c23d44c8} (c23d44c8)
 - 'index' 'I' @48  1
 - private 'isVarType' 'Z' @25  false
 - private 'identifier' 'Ljava/lang/String;' @52  "java"{0x00000000eb674350} (eb674350)
RCX=0x0000000000000003 is an unknown value
RDX=0x00000000eb6b4a18 points into unknown readable memory: 0x00000000eb674318 | 18 43 67 eb 00 00 00 00
RSP=0x00000070a2aff4b8 points into unknown readable memory: 0x00007ff970a03e16 | 16 3e a0 70 f9 7f 00 00
RBP=0x00000070a2aff538 points into unknown readable memory: 0x000000000000000c | 0c 00 00 00 00 00 00 00
RSI=0x00000000ebad70ec points into unknown readable memory: 18 4a 6b eb
RDI=0x0000019bfa1b5100 points into unknown readable memory: 0x00007ff970cfed38 | 38 ed cf 70 f9 7f 00 00
R8 =0x0 is NULL
R9 =0x000000000000000c is an unknown value
R10=0x0 is NULL
R11=0x0000019bfa1b5100 points into unknown readable memory: 0x00007ff970cfed38 | 38 ed cf 70 f9 7f 00 00
R12=0x0 is NULL
R13=0x0000000000000010 is an unknown value
R14=0x00000000eb6b4a18 points into unknown readable memory: 0x00000000eb674318 | 18 43 67 eb 00 00 00 00
R15=0x0000019bfa1b5100 points into unknown readable memory: 0x00007ff970cfed38 | 38 ed cf 70 f9 7f 00 00


Registers:
RAX=0x0000000000000001, RBX=0x00000000eb674318, RCX=0x0000000000000003, RDX=0x00000000eb6b4a18
RSP=0x00000070a2aff4b8, RBP=0x00000070a2aff538, RSI=0x00000000ebad70ec, RDI=0x0000019bfa1b5100
R8 =0x0000000000000000, R9 =0x000000000000000c, R10=0x0000000000000000, R11=0x0000019bfa1b5100
R12=0x0000000000000000, R13=0x0000000000000010, R14=0x00000000eb6b4a18, R15=0x0000019bfa1b5100
RIP=0x00007ff97035c8e8, EFLAGS=0x0000000000010246

Top of Stack: (sp=0x00000070a2aff4b8)
0x00000070a2aff4b8:   00007ff970a03e16 0000000000000039
0x00000070a2aff4c8:   00000070a1aff298 00000070a1aff290
0x00000070a2aff4d8:   00000070a2aff5e8 0000000000000000
0x00000070a2aff4e8:   0000000000000102 00000070a2aff580
0x00000070a2aff4f8:   00007ff9a859fae2 00000000ebb48300
0x00000070a2aff508:   0000000000001000 0000000000000000
0x00000070a2aff518:   00007ff9a85c0800 0000000000000041
0x00000070a2aff528:   0000000000001000 0000000000000010
0x00000070a2aff538:   000000000000000c 000000000000001a
0x00000070a2aff548:   0000000000000000 00000000ebad70ec
0x00000070a2aff558:   00000000eb674318 0000000000000000
0x00000070a2aff568:   00007ff970a05080 0000019bfa1b5100
0x00000070a2aff578:   0000000000000000 00000000eb674318
0x00000070a2aff588:   0000000000000005 0000000000000000
0x00000070a2aff598:   00007ff9a5d8cfb7 00000000c50d0318
0x00000070a2aff5a8:   00000000c50d0808 0000000000000000 

Instructions: (pc=0x00007ff97035c8e8)
0x00007ff97035c7e8:   48 83 c4 20 5e c3 cc cc 48 8b 01 c3 cc cc cc cc
0x00007ff97035c7f8:   cc cc cc cc cc cc cc cc 4c 8b 01 4c 8b c9 48 8b
0x00007ff97035c808:   0d 03 c3 b4 00 ba 44 60 08 00 e9 59 f2 ff ff cc
0x00007ff97035c818:   cc cc cc cc cc cc cc cc 48 89 5c 24 08 57 48 83
0x00007ff97035c828:   ec 20 48 8b 39 48 8b d9 48 85 3d a1 a0 b9 00 75
0x00007ff97035c838:   0e 48 8b c7 48 8b 5c 24 30 48 83 c4 20 5f c3 48
0x00007ff97035c848:   8b cf e8 91 6f 85 00 48 8b d0 48 85 c0 74 20 48
0x00007ff97035c858:   8b c7 f0 48 0f b1 13 74 16 48 85 05 70 a0 b9 00
0x00007ff97035c868:   74 0d 48 8b c8 f0 48 0f b1 13 48 3b c1 75 ea 48
0x00007ff97035c878:   8b 5c 24 30 48 8b c2 48 83 c4 20 5f c3 cc cc cc
0x00007ff97035c888:   cc cc cc cc cc cc cc cc 4c 8b 01 4c 8b c9 48 8b
0x00007ff97035c898:   0d 73 c2 b4 00 ba 64 60 08 00 e9 c9 f1 ff ff cc
0x00007ff97035c8a8:   cc cc cc cc cc cc cc cc 8b 05 32 0a af 00 c3 cc
0x00007ff97035c8b8:   cc cc cc cc cc cc cc cc 0f b6 05 a8 ca b5 00 48
0x00007ff97035c8c8:   8b d1 84 c0 74 16 44 8b 41 08 8b 0d 10 0a af 00
0x00007ff97035c8d8:   49 d3 e0 4c 03 05 fe 09 af 00 eb 04 4c 8b 41 08
0x00007ff97035c8e8:   45 8b 50 08 45 85 d2 7e 0e 41 f6 c2 01 75 53 41
0x00007ff97035c8f8:   c1 fa 03 41 8b c2 c3 79 49 84 c0 b9 10 00 00 00
0x00007ff97035c908:   8b 05 16 19 af 00 41 b8 0c 00 00 00 41 0f 45 c8
0x00007ff97035c918:   ff c8 4c 63 c8 48 63 14 11 41 8b ca 83 e1 3f 48
0x00007ff97035c928:   d3 e2 41 8b ca 48 c1 f9 10 0f b6 c1 49 8d 0c 11
0x00007ff97035c938:   49 f7 d1 48 03 c1 49 c1 e9 03 48 c1 e8 03 41 23
0x00007ff97035c948:   c1 c3 49 8b 00 49 8b c8 48 ff a0 00 01 00 00 cc
0x00007ff97035c958:   cc cc cc cc cc cc cc cc 8b 44 24 30 45 03 c9 44
0x00007ff97035c968:   2b 4c 24 28 83 c0 0b 44 03 ca 45 03 c8 41 03 c1
0x00007ff97035c978:   c3 cc cc cc cc cc cc cc 4c 8b ca 48 8b d1 45 8b
0x00007ff97035c988:   41 08 45 85 c0 7e 0e 41 f6 c0 01 75 56 41 c1 f8
0x00007ff97035c998:   03 41 8b c0 c3 79 4c 80 3d c9 c9 b5 00 00 b8 0c
0x00007ff97035c9a8:   00 00 00 b9 10 00 00 00 0f 45 c8 8b 05 6b 18 af
0x00007ff97035c9b8:   00 ff c8 4c 63 c8 48 63 14 11 41 8b c8 83 e1 3f
0x00007ff97035c9c8:   48 d3 e2 41 8b c8 48 c1 f9 10 0f b6 c1 49 8d 0c
0x00007ff97035c9d8:   11 49 f7 d1 48 03 c1 49 c1 e9 03 48 c1 e8 03 41 


Stack slot to memory mapping:
stack at sp + 0 slots: 0x00007ff970a03e16 jvm.dll
stack at sp + 1 slots: 0x0000000000000039 is an unknown value
stack at sp + 2 slots: 0x00000070a1aff298 points into unknown readable memory: 0xffffffffffffffff | ff ff ff ff ff ff ff ff
stack at sp + 3 slots: 0x00000070a1aff290 points into unknown readable memory: 0x0000000000000000 | 00 00 00 00 00 00 00 00
stack at sp + 4 slots: 0x00000070a2aff5e8 points into unknown readable memory: 0x00007ff9709f7a9f | 9f 7a 9f 70 f9 7f 00 00
stack at sp + 5 slots: 0x0 is NULL
stack at sp + 6 slots: 0x0000000000000102 is an unknown value
stack at sp + 7 slots: 0x00000070a2aff580 points into unknown readable memory: 0x00000000eb674318 | 18 43 67 eb 00 00 00 00


---------------  P R O C E S S  ---------------

Threads class SMR info:
_java_thread_list=0x0000019b934795d0, length=53, elements={
0x0000019bf53705b0, 0x0000019bfa1bffb0, 0x0000019bfa1c1580, 0x0000019bfa1c6fe0,
0x0000019bfa1c77a0, 0x0000019bfa1ca160, 0x0000019bfa1cab10, 0x0000019bfa1cd050,
0x0000019bfa1ce290, 0x0000019bfba95470, 0x0000019bfbb5d880, 0x0000019bfbdf8830,
0x0000019bfdf3d7c0, 0x0000019bfdf02470, 0x0000019bfd168410, 0x0000019bfcf281f0,
0x0000019bfded0540, 0x0000019bfd051450, 0x0000019bfcd6ebd0, 0x0000019bfcd6dd60,
0x0000019bfea45080, 0x0000019bfea47700, 0x0000019bfea45550, 0x0000019bfea46890,
0x0000019bfea42060, 0x0000019bfea498b0, 0x0000019bfea48f10, 0x0000019bfea45ef0,
0x0000019bfea42a00, 0x0000019bfea42530, 0x0000019bfea42ed0, 0x0000019bfea433a0,
0x0000019bfea43d40, 0x0000019bfea43870, 0x0000019b9404f210, 0x0000019b94053f10,
0x0000019b9404e3a0, 0x0000019b940513c0, 0x0000019b94053570, 0x0000019b94052230,
0x0000019b94050a20, 0x0000019b9404da00, 0x0000019b9404d530, 0x0000019b94052700,
0x0000019b940548b0, 0x0000019b9404f6e0, 0x0000019b94052bd0, 0x0000019bfea44210,
0x0000019bfea46d60, 0x0000019bfea47bd0, 0x0000019bfea493e0, 0x0000019bfea48570,
0x0000019bfea48a40
}

Java Threads: ( => current thread )
  0x0000019bf53705b0 JavaThread "main" [_thread_blocked, id=9012, stack(0x00000070a1800000,0x00000070a1900000)]
  0x0000019bfa1bffb0 JavaThread "Reference Handler" daemon [_thread_blocked, id=5548, stack(0x00000070a1b00000,0x00000070a1c00000)]
  0x0000019bfa1c1580 JavaThread "Finalizer" daemon [_thread_blocked, id=2492, stack(0x00000070a1c00000,0x00000070a1d00000)]
  0x0000019bfa1c6fe0 JavaThread "Signal Dispatcher" daemon [_thread_blocked, id=3588, stack(0x00000070a1d00000,0x00000070a1e00000)]
  0x0000019bfa1c77a0 JavaThread "Attach Listener" daemon [_thread_blocked, id=7200, stack(0x00000070a1e00000,0x00000070a1f00000)]
  0x0000019bfa1ca160 JavaThread "Service Thread" daemon [_thread_blocked, id=8752, stack(0x00000070a1f00000,0x00000070a2000000)]
  0x0000019bfa1cab10 JavaThread "Monitor Deflation Thread" daemon [_thread_blocked, id=8048, stack(0x00000070a2000000,0x00000070a2100000)]
  0x0000019bfa1cd050 JavaThread "C2 CompilerThread0" daemon [_thread_blocked, id=7364, stack(0x00000070a2100000,0x00000070a2200000)]
  0x0000019bfa1ce290 JavaThread "C1 CompilerThread0" daemon [_thread_blocked, id=7268, stack(0x00000070a2200000,0x00000070a2300000)]
  0x0000019bfba95470 JavaThread "Sweeper thread" daemon [_thread_blocked, id=2724, stack(0x00000070a2300000,0x00000070a2400000)]
  0x0000019bfbb5d880 JavaThread "Common-Cleaner" daemon [_thread_blocked, id=8812, stack(0x00000070a2400000,0x00000070a2500000)]
  0x0000019bfbdf8830 JavaThread "Notification Thread" daemon [_thread_blocked, id=6944, stack(0x00000070a2500000,0x00000070a2600000)]
  0x0000019bfdf3d7c0 JavaThread "Active Thread: Equinox Container: e36b4412-d053-4f06-a8a9-6b50bd55a8ed" [_thread_blocked, id=8216, stack(0x00000070a2e00000,0x00000070a2f00000)]
  0x0000019bfdf02470 JavaThread "Framework Event Dispatcher: Equinox Container: e36b4412-d053-4f06-a8a9-6b50bd55a8ed" daemon [_thread_blocked, id=8220, stack(0x00000070a2700000,0x00000070a2800000)]
  0x0000019bfd168410 JavaThread "Start Level: Equinox Container: e36b4412-d053-4f06-a8a9-6b50bd55a8ed" daemon [_thread_blocked, id=8832, stack(0x00000070a2800000,0x00000070a2900000)]
  0x0000019bfcf281f0 JavaThread "SCR Component Actor" daemon [_thread_blocked, id=8256, stack(0x00000070a2f00000,0x00000070a3000000)]
  0x0000019bfded0540 JavaThread "Bundle File Closer" daemon [_thread_blocked, id=8820, stack(0x00000070a3300000,0x00000070a3400000)]
  0x0000019bfd051450 JavaThread "Worker-JM" [_thread_blocked, id=6440, stack(0x00000070a3400000,0x00000070a3500000)]
  0x0000019bfcd6ebd0 JavaThread "Worker-0" [_thread_blocked, id=6836, stack(0x00000070a3500000,0x00000070a3600000)]
  0x0000019bfcd6dd60 JavaThread "Java indexing" daemon [_thread_blocked, id=1136, stack(0x00000070a3900000,0x00000070a3a00000)]
  0x0000019bfea45080 JavaThread "pool-1-thread-1" [_thread_blocked, id=3124, stack(0x00000070a3d00000,0x00000070a3e00000)]
  0x0000019bfea47700 JavaThread "ForkJoinPool.commonPool-worker-1" daemon [_thread_blocked, id=9120, stack(0x00000070a3e00000,0x00000070a3f00000)]
  0x0000019bfea45550 JavaThread "ForkJoinPool.commonPool-worker-4" daemon [_thread_blocked, id=6872, stack(0x00000070a4000000,0x00000070a4100000)]
  0x0000019bfea46890 JavaThread "ForkJoinPool.commonPool-worker-5" daemon [_thread_blocked, id=7828, stack(0x00000070a1700000,0x00000070a1800000)]
  0x0000019bfea42060 JavaThread "ForkJoinPool.commonPool-worker-9" daemon [_thread_blocked, id=3308, stack(0x00000070a1600000,0x00000070a1700000)]
  0x0000019bfea498b0 JavaThread "Worker-6" [_thread_blocked, id=10156, stack(0x00000070a3200000,0x00000070a3300000)]
  0x0000019bfea48f10 JavaThread "Java Debug Server" daemon [_thread_in_native, id=3700, stack(0x00000070a3600000,0x00000070a3700000)]
  0x0000019bfea45ef0 JavaThread "pool-2-thread-1" [_thread_in_native, id=4164, stack(0x00000070a3700000,0x00000070a3800000)]
  0x0000019bfea42a00 JavaThread "RxSchedulerPurge-1" daemon [_thread_blocked, id=8144, stack(0x00000070a3800000,0x00000070a3900000)]
  0x0000019bfea42530 JavaThread "RxCachedWorkerPoolEvictor-1" daemon [_thread_blocked, id=4344, stack(0x00000070a3a00000,0x00000070a3b00000)]
  0x0000019bfea42ed0 JavaThread "RxNewThreadScheduler-1" daemon [_thread_blocked, id=7420, stack(0x00000070a3f00000,0x00000070a4000000)]
  0x0000019bfea433a0 JavaThread "Packet Receive Manager" daemon [_thread_in_native, id=10060, stack(0x00000070a4100000,0x00000070a4200000)]
  0x0000019bfea43d40 JavaThread "Packet Send Manager" daemon [_thread_blocked, id=5208, stack(0x00000070a4500000,0x00000070a4600000)]
  0x0000019bfea43870 JavaThread "Event Hub" daemon [_thread_blocked, id=10000, stack(0x00000070a4200000,0x00000070a4300000)]
  0x0000019b9404f210 JavaThread "ForkJoinPool.commonPool-worker-10" daemon [_thread_blocked, id=4788, stack(0x00000070a1500000,0x00000070a1600000)]
  0x0000019b94053f10 JavaThread "ForkJoinPool.commonPool-worker-12" daemon [_thread_blocked, id=8884, stack(0x00000070a3b00000,0x00000070a3c00000)]
  0x0000019b9404e3a0 JavaThread "ForkJoinPool.commonPool-worker-11" daemon [_thread_blocked, id=6236, stack(0x00000070a3c00000,0x00000070a3d00000)]
  0x0000019b940513c0 JavaThread "Worker-9" [_thread_blocked, id=9888, stack(0x00000070a4300000,0x00000070a4400000)]
  0x0000019b94053570 JavaThread "pool-40-thread-1" [_thread_blocked, id=1776, stack(0x00000070a4400000,0x00000070a4500000)]
  0x0000019b94052230 JavaThread "pool-41-thread-1" [_thread_blocked, id=4688, stack(0x00000070a4600000,0x00000070a4700000)]
  0x0000019b94050a20 JavaThread "pool-42-thread-1" [_thread_blocked, id=7784, stack(0x00000070a4800000,0x00000070a4900000)]
  0x0000019b9404da00 JavaThread "pool-43-thread-1" [_thread_blocked, id=9924, stack(0x00000070a4a00000,0x00000070a4b00000)]
  0x0000019b9404d530 JavaThread "pool-44-thread-1" [_thread_blocked, id=3184, stack(0x00000070a4700000,0x00000070a4800000)]
  0x0000019b94052700 JavaThread "pool-45-thread-1" [_thread_blocked, id=10280, stack(0x00000070a4900000,0x00000070a4a00000)]
  0x0000019b940548b0 JavaThread "pool-46-thread-1" [_thread_blocked, id=11004, stack(0x00000070a4b00000,0x00000070a4c00000)]
  0x0000019b9404f6e0 JavaThread "pool-47-thread-1" [_thread_blocked, id=10264, stack(0x00000070a4c00000,0x00000070a4d00000)]
  0x0000019b94052bd0 JavaThread "pool-48-thread-1" [_thread_blocked, id=9908, stack(0x00000070a4d00000,0x00000070a4e00000)]
  0x0000019bfea44210 JavaThread "pool-49-thread-1" [_thread_blocked, id=9620, stack(0x00000070a4e00000,0x00000070a4f00000)]
  0x0000019bfea46d60 JavaThread "pool-50-thread-1" [_thread_blocked, id=10708, stack(0x00000070a4f00000,0x00000070a5000000)]
  0x0000019bfea47bd0 JavaThread "pool-51-thread-1" [_thread_blocked, id=2300, stack(0x00000070a5000000,0x00000070a5100000)]
  0x0000019bfea493e0 JavaThread "pool-52-thread-1" [_thread_blocked, id=9452, stack(0x00000070a5100000,0x00000070a5200000)]
  0x0000019bfea48570 JavaThread "Worker-10" [_thread_blocked, id=1108, stack(0x00000070a5200000,0x00000070a5300000)]
  0x0000019bfea48a40 JavaThread "pool-53-thread-1" [_thread_blocked, id=9868, stack(0x00000070a5300000,0x00000070a5400000)]

Other Threads:
  0x0000019bfba424c0 VMThread "VM Thread" [stack: 0x00000070a1a00000,0x00000070a1b00000] [id=7312]
  0x0000019bfbdf8d00 WatcherThread [stack: 0x00000070a2600000,0x00000070a2700000] [id=7532]
  0x0000019bf5384a10 GCTaskThread "GC Thread#0" [stack: 0x00000070a1900000,0x00000070a1a00000] [id=3708]
  0x0000019bfdda3d00 GCTaskThread "GC Thread#1" [stack: 0x00000070a2900000,0x00000070a2a00000] [id=6692]
=>0x0000019bfceed9d0 GCTaskThread "GC Thread#2" [stack: 0x00000070a2a00000,0x00000070a2b00000] [id=8096]
  0x0000019bfceedc80 GCTaskThread "GC Thread#3" [stack: 0x00000070a2b00000,0x00000070a2c00000] [id=7500]
  0x0000019bfd3b2e70 GCTaskThread "GC Thread#4" [stack: 0x00000070a2c00000,0x00000070a2d00000] [id=7524]
  0x0000019bfd3b3120 GCTaskThread "GC Thread#5" [stack: 0x00000070a2d00000,0x00000070a2e00000] [id=3180]
  0x0000019bfddfdae0 GCTaskThread "GC Thread#6" [stack: 0x00000070a3000000,0x00000070a3100000] [id=8352]
  0x0000019bfde1a850 GCTaskThread "GC Thread#7" [stack: 0x00000070a3100000,0x00000070a3200000] [id=2384]

Threads with active compile tasks:

VM state: at safepoint (normal execution)

VM Mutex/Monitor currently owned by a thread:  ([mutex/lock_event])
[0x0000019bf536bbd0] Threads_lock - owner thread: 0x0000019bfba424c0
[0x0000019bf536af70] Heap_lock - owner thread: 0x0000019bfea48a40

Heap address: 0x00000000c0000000, size: 1024 MB, Compressed Oops mode: 32-bit

CDS archive(s) not mapped
Compressed class space mapped at: 0x0000000100000000-0x0000000140000000, reserved size: 1073741824
Narrow klass base: 0x0000000000000000, Narrow klass shift: 3, Narrow klass range: 0x140000000

GC Precious Log:
 CPUs: 8 total, 8 available
 Memory: 8072M
 Large Page Support: Disabled
 NUMA Support: Disabled
 Compressed Oops: Enabled (32-bit)
 Alignments: Space 512K, Generation 512K, Heap 2M
 Heap Min Capacity: 100M
 Heap Initial Capacity: 100M
 Heap Max Capacity: 1G
 Pre-touch: Disabled
 Parallel Workers: 8

Heap:
 PSYoungGen      total 13312K, used 12171K [0x00000000eab00000, 0x00000000ebc80000, 0x0000000100000000)
  eden space 8704K, 91% used [0x00000000eab00000,0x00000000eb2caeb0,0x00000000eb380000)
  from space 4608K, 90% used [0x00000000eb400000,0x00000000eb817e10,0x00000000eb880000)
  to   space 4096K, 99% used [0x00000000eb880000,0x00000000ebc7be00,0x00000000ebc80000)
 ParOldGen       total 115712K, used 85752K [0x00000000c0000000, 0x00000000c7100000, 0x00000000eab00000)
  object space 115712K, 74% used [0x00000000c0000000,0x00000000c53be0c0,0x00000000c7100000)
 Metaspace       used 84188K, committed 85504K, reserved 1130496K
  class space    used 8520K, committed 9152K, reserved 1048576K

Card table byte_map: [0x0000019bf4cf0000,0x0000019bf4f00000] _byte_map_base: 0x0000019bf46f0000

Marking Bits: (ParMarkBitMap*) 0x00007ff970ed2cd0
 Begin Bits: [0x0000019bf7fd0000, 0x0000019bf8fd0000)
 End Bits:   [0x0000019bf8fd0000, 0x0000019bf9fd0000)

Polling page: 0x0000019bf2fa0000

Metaspace:

Usage:
  Non-class:     73.89 MB used.
      Class:      8.32 MB used.
       Both:     82.22 MB used.

Virtual space:
  Non-class space:       80.00 MB reserved,      74.56 MB ( 93%) committed,  10 nodes.
      Class space:        1.00 GB reserved,       8.94 MB ( <1%) committed,  1 nodes.
             Both:        1.08 GB reserved,      83.50 MB (  8%) committed. 

Chunk freelists:
   Non-Class:  640.00 KB
       Class:  2.91 MB
        Both:  3.53 MB

MaxMetaspaceSize: unlimited
CompressedClassSpaceSize: 1.00 GB
Initial GC threshold: 21.00 MB
Current GC threshold: 139.19 MB
CDS: off
MetaspaceReclaimPolicy: balanced
 - commit_granule_bytes: 65536.
 - commit_granule_words: 8192.
 - virtual_space_node_default_size: 1048576.
 - enlarge_chunks_in_place: 1.
 - new_chunks_are_fully_committed: 0.
 - uncommit_free_chunks: 1.
 - use_allocation_guard: 0.
 - handle_deallocations: 1.


Internal statistics:

num_allocs_failed_limit: 9.
num_arena_births: 972.
num_arena_deaths: 24.
num_vsnodes_births: 11.
num_vsnodes_deaths: 0.
num_space_committed: 1336.
num_space_uncommitted: 0.
num_chunks_returned_to_freelist: 35.
num_chunks_taken_from_freelist: 4559.
num_chunk_merges: 13.
num_chunk_splits: 2843.
num_chunks_enlarged: 1652.
num_purges: 4.
num_inconsistent_stats: 0.

CodeHeap 'non-profiled nmethods': size=120000Kb used=16056Kb max_used=16347Kb free=103943Kb
 bounds [0x0000019b87ad0000, 0x0000019b88ad0000, 0x0000019b8f000000]
CodeHeap 'profiled nmethods': size=120000Kb used=32183Kb max_used=32767Kb free=87817Kb
 bounds [0x0000019b805a0000, 0x0000019b82610000, 0x0000019b87ad0000]
CodeHeap 'non-nmethods': size=5760Kb used=1403Kb max_used=1491Kb free=4356Kb
 bounds [0x0000019b80000000, 0x0000019b80270000, 0x0000019b805a0000]
 total_blobs=15673 nmethods=14924 adapters=661
 compilation: enabled
              stopped_count=0, restarted_count=0
 full_count=0

Compilation events (20 events):
Event: 759.078 Thread 0x0000019bfa1cd050 19766 %     4       org.eclipse.jdt.internal.compiler.parser.diagnose.DiagnoseParser::checkPrimaryDistance @ 842 (1152 bytes)
Event: 759.086 Thread 0x0000019bfa1cd050 nmethod 19766% 0x0000019b8857d910 code [0x0000019b8857db00, 0x0000019b8857e130]
Event: 759.355 Thread 0x0000019bfa1ce290 19767       3       org.eclipse.lsp4j.jsonrpc.json.adapters.EitherTypeAdapter$EitherTypeArgument::read (9 bytes)
Event: 759.355 Thread 0x0000019bfa1ce290 nmethod 19767 0x0000019b814bfe90 code [0x0000019b814c0040, 0x0000019b814c0208]
Event: 759.357 Thread 0x0000019bfa1cd050 19768       4       java.util.ArrayList$ArrayListSpliterator::estimateSize (11 bytes)
Event: 759.358 Thread 0x0000019bfa1cd050 nmethod 19768 0x0000019b88525e90 code [0x0000019b88526000, 0x0000019b885260b8]
Event: 759.358 Thread 0x0000019bfa1cd050 19770   !   4       org.eclipse.jdt.core.dom.SimpleType::getName (61 bytes)
Event: 759.359 Thread 0x0000019bfa1cd050 nmethod 19770 0x0000019b88833e10 code [0x0000019b88833f80, 0x0000019b88834018]
Event: 759.359 Thread 0x0000019bfa1cd050 19769       4       org.eclipse.jdt.core.dom.TypeBinding::isInterface (50 bytes)
Event: 759.360 Thread 0x0000019bfa1cd050 nmethod 19769 0x0000019b8841b210 code [0x0000019b8841b3a0, 0x0000019b8841b4b8]
Event: 759.818 Thread 0x0000019bfa1cd050 19771       4       org.eclipse.jdt.internal.codeassist.CompletionEngine::computeRelevanceForExpectingType (70 bytes)
Event: 759.820 Thread 0x0000019bfa1ce290 19772       1       org.eclipse.jdt.ls.core.internal.contentassist.SnippetCompletionProposal$SnippetCompletionContext::getCompletionContext (5 bytes)
Event: 759.820 Thread 0x0000019bfa1ce290 nmethod 19772 0x0000019b8841ad90 code [0x0000019b8841af20, 0x0000019b8841aff8]
Event: 759.837 Thread 0x0000019bfa1cd050 nmethod 19771 0x0000019b8838f610 code [0x0000019b8838f820, 0x0000019b88390708]
Event: 759.855 Thread 0x0000019bfa1cd050 19773       4       java.util.Formatter$FormatSpecifier::appendJustified (91 bytes)
Event: 759.858 Thread 0x0000019bfa1cd050 nmethod 19773 0x0000019b88640010 code [0x0000019b886401e0, 0x0000019b88640468]
Event: 759.869 Thread 0x0000019bfa1cd050 19774       4       org.eclipse.jdt.internal.compiler.parser.AbstractCommentParser::updateLineEnd (64 bytes)
Event: 759.872 Thread 0x0000019bfa1cd050 nmethod 19774 0x0000019b8826bf10 code [0x0000019b8826c080, 0x0000019b8826c1f8]
Event: 759.909 Thread 0x0000019bfa1ce290 19775       3       org.eclipse.jdt.internal.core.NameLookup$$Lambda$296/0x000000010063bf10::apply (14 bytes)
Event: 759.909 Thread 0x0000019bfa1ce290 nmethod 19775 0x0000019b81a51210 code [0x0000019b81a513c0, 0x0000019b81a51688]

GC Heap History (20 events):
Event: 757.274 GC heap after
{Heap after GC invocations=2283 (full 48):
 PSYoungGen      total 10240K, used 1523K [0x00000000eab00000, 0x00000000eb800000, 0x0000000100000000)
  eden space 8704K, 0% used [0x00000000eab00000,0x00000000eab00000,0x00000000eb380000)
  from space 1536K, 99% used [0x00000000eb580000,0x00000000eb6fcd10,0x00000000eb700000)
  to   space 2048K, 0% used [0x00000000eb380000,0x00000000eb380000,0x00000000eb580000)
 ParOldGen       total 115712K, used 82368K [0x00000000c0000000, 0x00000000c7100000, 0x00000000eab00000)
  object space 115712K, 71% used [0x00000000c0000000,0x00000000c5070050,0x00000000c7100000)
 Metaspace       used 84186K, committed 85504K, reserved 1130496K
  class space    used 8520K, committed 9152K, reserved 1048576K
}
Event: 757.293 GC heap before
{Heap before GC invocations=2284 (full 48):
 PSYoungGen      total 10240K, used 10227K [0x00000000eab00000, 0x00000000eb800000, 0x0000000100000000)
  eden space 8704K, 100% used [0x00000000eab00000,0x00000000eb380000,0x00000000eb380000)
  from space 1536K, 99% used [0x00000000eb580000,0x00000000eb6fcd10,0x00000000eb700000)
  to   space 2048K, 0% used [0x00000000eb380000,0x00000000eb380000,0x00000000eb580000)
 ParOldGen       total 115712K, used 82368K [0x00000000c0000000, 0x00000000c7100000, 0x00000000eab00000)
  object space 115712K, 71% used [0x00000000c0000000,0x00000000c5070050,0x00000000c7100000)
 Metaspace       used 84186K, committed 85504K, reserved 1130496K
  class space    used 8520K, committed 9152K, reserved 1048576K
}
Event: 757.294 GC heap after
{Heap after GC invocations=2284 (full 48):
 PSYoungGen      total 10752K, used 2034K [0x00000000eab00000, 0x00000000eb880000, 0x0000000100000000)
  eden space 8704K, 0% used [0x00000000eab00000,0x00000000eab00000,0x00000000eb380000)
  from space 2048K, 99% used [0x00000000eb380000,0x00000000eb57c820,0x00000000eb580000)
  to   space 2560K, 0% used [0x00000000eb600000,0x00000000eb600000,0x00000000eb880000)
 ParOldGen       total 115712K, used 82696K [0x00000000c0000000, 0x00000000c7100000, 0x00000000eab00000)
  object space 115712K, 71% used [0x00000000c0000000,0x00000000c50c2070,0x00000000c7100000)
 Metaspace       used 84186K, committed 85504K, reserved 1130496K
  class space    used 8520K, committed 9152K, reserved 1048576K
}
Event: 757.530 GC heap before
{Heap before GC invocations=2285 (full 48):
 PSYoungGen      total 10752K, used 10738K [0x00000000eab00000, 0x00000000eb880000, 0x0000000100000000)
  eden space 8704K, 100% used [0x00000000eab00000,0x00000000eb380000,0x00000000eb380000)
  from space 2048K, 99% used [0x00000000eb380000,0x00000000eb57c820,0x00000000eb580000)
  to   space 2560K, 0% used [0x00000000eb600000,0x00000000eb600000,0x00000000eb880000)
 ParOldGen       total 115712K, used 82696K [0x00000000c0000000, 0x00000000c7100000, 0x00000000eab00000)
  object space 115712K, 71% used [0x00000000c0000000,0x00000000c50c2070,0x00000000c7100000)
 Metaspace       used 84186K, committed 85504K, reserved 1130496K
  class space    used 8520K, committed 9152K, reserved 1048576K
}
Event: 757.533 GC heap after
{Heap after GC invocations=2285 (full 48):
 PSYoungGen      total 10752K, used 2546K [0x00000000eab00000, 0x00000000eb980000, 0x0000000100000000)
  eden space 8192K, 0% used [0x00000000eab00000,0x00000000eab00000,0x00000000eb300000)
  from space 2560K, 99% used [0x00000000eb600000,0x00000000eb87c820,0x00000000eb880000)
  to   space 3072K, 0% used [0x00000000eb300000,0x00000000eb300000,0x00000000eb600000)
 ParOldGen       total 115712K, used 82800K [0x00000000c0000000, 0x00000000c7100000, 0x00000000eab00000)
  object space 115712K, 71% used [0x00000000c0000000,0x00000000c50dc090,0x00000000c7100000)
 Metaspace       used 84186K, committed 85504K, reserved 1130496K
  class space    used 8520K, committed 9152K, reserved 1048576K
}
Event: 759.022 GC heap before
{Heap before GC invocations=2286 (full 48):
 PSYoungGen      total 10752K, used 10738K [0x00000000eab00000, 0x00000000eb980000, 0x0000000100000000)
  eden space 8192K, 100% used [0x00000000eab00000,0x00000000eb300000,0x00000000eb300000)
  from space 2560K, 99% used [0x00000000eb600000,0x00000000eb87c820,0x00000000eb880000)
  to   space 3072K, 0% used [0x00000000eb300000,0x00000000eb300000,0x00000000eb600000)
 ParOldGen       total 115712K, used 82800K [0x00000000c0000000, 0x00000000c7100000, 0x00000000eab00000)
  object space 115712K, 71% used [0x00000000c0000000,0x00000000c50dc090,0x00000000c7100000)
 Metaspace       used 84187K, committed 85504K, reserved 1130496K
  class space    used 8520K, committed 9152K, reserved 1048576K
}
Event: 759.025 GC heap after
{Heap after GC invocations=2286 (full 48):
 PSYoungGen      total 11264K, used 3056K [0x00000000eab00000, 0x00000000ebb00000, 0x0000000100000000)
  eden space 8192K, 0% used [0x00000000eab00000,0x00000000eab00000,0x00000000eb300000)
  from space 3072K, 99% used [0x00000000eb300000,0x00000000eb5fc310,0x00000000eb600000)
  to   space 4096K, 0% used [0x00000000eb700000,0x00000000eb700000,0x00000000ebb00000)
 ParOldGen       total 115712K, used 83600K [0x00000000c0000000, 0x00000000c7100000, 0x00000000eab00000)
  object space 115712K, 72% used [0x00000000c0000000,0x00000000c51a40c0,0x00000000c7100000)
 Metaspace       used 84187K, committed 85504K, reserved 1130496K
  class space    used 8520K, committed 9152K, reserved 1048576K
}
Event: 759.043 GC heap before
{Heap before GC invocations=2287 (full 48):
 PSYoungGen      total 11264K, used 11248K [0x00000000eab00000, 0x00000000ebb00000, 0x0000000100000000)
  eden space 8192K, 100% used [0x00000000eab00000,0x00000000eb300000,0x00000000eb300000)
  from space 3072K, 99% used [0x00000000eb300000,0x00000000eb5fc310,0x00000000eb600000)
  to   space 4096K, 0% used [0x00000000eb700000,0x00000000eb700000,0x00000000ebb00000)
 ParOldGen       total 115712K, used 83600K [0x00000000c0000000, 0x00000000c7100000, 0x00000000eab00000)
  object space 115712K, 72% used [0x00000000c0000000,0x00000000c51a40c0,0x00000000c7100000)
 Metaspace       used 84187K, committed 85504K, reserved 1130496K
  class space    used 8520K, committed 9152K, reserved 1048576K
}
Event: 759.045 GC heap after
{Heap after GC invocations=2287 (full 48):
 PSYoungGen      total 11776K, used 4021K [0x00000000eab00000, 0x00000000ebc00000, 0x0000000100000000)
  eden space 7680K, 0% used [0x00000000eab00000,0x00000000eab00000,0x00000000eb280000)
  from space 4096K, 98% used [0x00000000eb700000,0x00000000ebaed520,0x00000000ebb00000)
  to   space 4608K, 0% used [0x00000000eb280000,0x00000000eb280000,0x00000000eb700000)
 ParOldGen       total 115712K, used 83600K [0x00000000c0000000, 0x00000000c7100000, 0x00000000eab00000)
  object space 115712K, 72% used [0x00000000c0000000,0x00000000c51a40c0,0x00000000c7100000)
 Metaspace       used 84187K, committed 85504K, reserved 1130496K
  class space    used 8520K, committed 9152K, reserved 1048576K
}
Event: 759.062 GC heap before
{Heap before GC invocations=2288 (full 48):
 PSYoungGen      total 11776K, used 11701K [0x00000000eab00000, 0x00000000ebc00000, 0x0000000100000000)
  eden space 7680K, 100% used [0x00000000eab00000,0x00000000eb280000,0x00000000eb280000)
  from space 4096K, 98% used [0x00000000eb700000,0x00000000ebaed520,0x00000000ebb00000)
  to   space 4608K, 0% used [0x00000000eb280000,0x00000000eb280000,0x00000000eb700000)
 ParOldGen       total 115712K, used 83600K [0x00000000c0000000, 0x00000000c7100000, 0x00000000eab00000)
  object space 115712K, 72% used [0x00000000c0000000,0x00000000c51a40c0,0x00000000c7100000)
 Metaspace       used 84187K, committed 85504K, reserved 1130496K
  class space    used 8520K, committed 9152K, reserved 1048576K
}
Event: 759.064 GC heap after
{Heap after GC invocations=2288 (full 48):
 PSYoungGen      total 12288K, used 4137K [0x00000000eab00000, 0x00000000ebc00000, 0x0000000100000000)
  eden space 7680K, 0% used [0x00000000eab00000,0x00000000eab00000,0x00000000eb280000)
  from space 4608K, 89% used [0x00000000eb280000,0x00000000eb68a740,0x00000000eb700000)
  to   space 4608K, 0% used [0x00000000eb780000,0x00000000eb780000,0x00000000ebc00000)
 ParOldGen       total 115712K, used 83600K [0x00000000c0000000, 0x00000000c7100000, 0x00000000eab00000)
  object space 115712K, 72% used [0x00000000c0000000,0x00000000c51a40c0,0x00000000c7100000)
 Metaspace       used 84187K, committed 85504K, reserved 1130496K
  class space    used 8520K, committed 9152K, reserved 1048576K
}
Event: 759.087 GC heap before
{Heap before GC invocations=2289 (full 48):
 PSYoungGen      total 12288K, used 11817K [0x00000000eab00000, 0x00000000ebc00000, 0x0000000100000000)
  eden space 7680K, 100% used [0x00000000eab00000,0x00000000eb280000,0x00000000eb280000)
  from space 4608K, 89% used [0x00000000eb280000,0x00000000eb68a740,0x00000000eb700000)
  to   space 4608K, 0% used [0x00000000eb780000,0x00000000eb780000,0x00000000ebc00000)
 ParOldGen       total 115712K, used 83600K [0x00000000c0000000, 0x00000000c7100000, 0x00000000eab00000)
  object space 115712K, 72% used [0x00000000c0000000,0x00000000c51a40c0,0x00000000c7100000)
 Metaspace       used 84187K, committed 85504K, reserved 1130496K
  class space    used 8520K, committed 9152K, reserved 1048576K
}
Event: 759.089 GC heap after
{Heap after GC invocations=2289 (full 48):
 PSYoungGen      total 12288K, used 4553K [0x00000000eab00000, 0x00000000ebd80000, 0x0000000100000000)
  eden space 7680K, 0% used [0x00000000eab00000,0x00000000eab00000,0x00000000eb280000)
  from space 4608K, 98% used [0x00000000eb780000,0x00000000ebbf2720,0x00000000ebc00000)
  to   space 5120K, 0% used [0x00000000eb280000,0x00000000eb280000,0x00000000eb780000)
 ParOldGen       total 115712K, used 83608K [0x00000000c0000000, 0x00000000c7100000, 0x00000000eab00000)
  object space 115712K, 72% used [0x00000000c0000000,0x00000000c51a60c0,0x00000000c7100000)
 Metaspace       used 84187K, committed 85504K, reserved 1130496K
  class space    used 8520K, committed 9152K, reserved 1048576K
}
Event: 759.808 GC heap before
{Heap before GC invocations=2290 (full 48):
 PSYoungGen      total 12288K, used 12233K [0x00000000eab00000, 0x00000000ebd80000, 0x0000000100000000)
  eden space 7680K, 100% used [0x00000000eab00000,0x00000000eb280000,0x00000000eb280000)
  from space 4608K, 98% used [0x00000000eb780000,0x00000000ebbf2720,0x00000000ebc00000)
  to   space 5120K, 0% used [0x00000000eb280000,0x00000000eb280000,0x00000000eb780000)
 ParOldGen       total 115712K, used 83608K [0x00000000c0000000, 0x00000000c7100000, 0x00000000eab00000)
  object space 115712K, 72% used [0x00000000c0000000,0x00000000c51a60c0,0x00000000c7100000)
 Metaspace       used 84188K, committed 85504K, reserved 1130496K
  class space    used 8520K, committed 9152K, reserved 1048576K
}
Event: 759.812 GC heap after
{Heap after GC invocations=2290 (full 48):
 PSYoungGen      total 12800K, used 5117K [0x00000000eab00000, 0x00000000ec280000, 0x0000000100000000)
  eden space 7680K, 0% used [0x00000000eab00000,0x00000000eab00000,0x00000000eb280000)
  from space 5120K, 99% used [0x00000000eb280000,0x00000000eb77f7c0,0x00000000eb780000)
  to   space 8192K, 0% used [0x00000000eba80000,0x00000000eba80000,0x00000000ec280000)
 ParOldGen       total 115712K, used 85712K [0x00000000c0000000, 0x00000000c7100000, 0x00000000eab00000)
  object space 115712K, 74% used [0x00000000c0000000,0x00000000c53b40c0,0x00000000c7100000)
 Metaspace       used 84188K, committed 85504K, reserved 1130496K
  class space    used 8520K, committed 9152K, reserved 1048576K
}
Event: 759.878 GC heap before
{Heap before GC invocations=2291 (full 48):
 PSYoungGen      total 12800K, used 12102K [0x00000000eab00000, 0x00000000ec280000, 0x0000000100000000)
  eden space 7680K, 90% used [0x00000000eab00000,0x00000000eb1d2300,0x00000000eb280000)
  from space 5120K, 99% used [0x00000000eb280000,0x00000000eb77f7c0,0x00000000eb780000)
  to   space 8192K, 0% used [0x00000000eba80000,0x00000000eba80000,0x00000000ec280000)
 ParOldGen       total 115712K, used 85712K [0x00000000c0000000, 0x00000000c7100000, 0x00000000eab00000)
  object space 115712K, 74% used [0x00000000c0000000,0x00000000c53b40c0,0x00000000c7100000)
 Metaspace       used 84188K, committed 85504K, reserved 1130496K
  class space    used 8520K, committed 9152K, reserved 1048576K
}
Event: 759.881 GC heap after
{Heap after GC invocations=2291 (full 48):
 PSYoungGen      total 12288K, used 4233K [0x00000000eab00000, 0x00000000ebf00000, 0x0000000100000000)
  eden space 7680K, 0% used [0x00000000eab00000,0x00000000eab00000,0x00000000eb280000)
  from space 4608K, 91% used [0x00000000eba80000,0x00000000ebea2720,0x00000000ebf00000)
  to   space 5632K, 0% used [0x00000000eb400000,0x00000000eb400000,0x00000000eb980000)
 ParOldGen       total 115712K, used 85720K [0x00000000c0000000, 0x00000000c7100000, 0x00000000eab00000)
  object space 115712K, 74% used [0x00000000c0000000,0x00000000c53b60c0,0x00000000c7100000)
 Metaspace       used 84188K, committed 85504K, reserved 1130496K
  class space    used 8520K, committed 9152K, reserved 1048576K
}
Event: 759.892 GC heap before
{Heap before GC invocations=2292 (full 48):
 PSYoungGen      total 12288K, used 10464K [0x00000000eab00000, 0x00000000ebf00000, 0x0000000100000000)
  eden space 7680K, 81% used [0x00000000eab00000,0x00000000eb115a30,0x00000000eb280000)
  from space 4608K, 91% used [0x00000000eba80000,0x00000000ebea2720,0x00000000ebf00000)
  to   space 5632K, 0% used [0x00000000eb400000,0x00000000eb400000,0x00000000eb980000)
 ParOldGen       total 115712K, used 85720K [0x00000000c0000000, 0x00000000c7100000, 0x00000000eab00000)
  object space 115712K, 74% used [0x00000000c0000000,0x00000000c53b60c0,0x00000000c7100000)
 Metaspace       used 84188K, committed 85504K, reserved 1130496K
  class space    used 8520K, committed 9152K, reserved 1048576K
}
Event: 759.895 GC heap after
{Heap after GC invocations=2292 (full 48):
 PSYoungGen      total 13312K, used 4191K [0x00000000eab00000, 0x00000000ebc80000, 0x0000000100000000)
  eden space 8704K, 0% used [0x00000000eab00000,0x00000000eab00000,0x00000000eb380000)
  from space 4608K, 90% used [0x00000000eb400000,0x00000000eb817e10,0x00000000eb880000)
  to   space 4096K, 0% used [0x00000000eb880000,0x00000000eb880000,0x00000000ebc80000)
 ParOldGen       total 115712K, used 85720K [0x00000000c0000000, 0x00000000c7100000, 0x00000000eab00000)
  object space 115712K, 74% used [0x00000000c0000000,0x00000000c53b60c0,0x00000000c7100000)
 Metaspace       used 84188K, committed 85504K, reserved 1130496K
  class space    used 8520K, committed 9152K, reserved 1048576K
}
Event: 759.910 GC heap before
{Heap before GC invocations=2293 (full 48):
 PSYoungGen      total 13312K, used 12171K [0x00000000eab00000, 0x00000000ebc80000, 0x0000000100000000)
  eden space 8704K, 91% used [0x00000000eab00000,0x00000000eb2caeb0,0x00000000eb380000)
  from space 4608K, 90% used [0x00000000eb400000,0x00000000eb817e10,0x00000000eb880000)
  to   space 4096K, 0% used [0x00000000eb880000,0x00000000eb880000,0x00000000ebc80000)
 ParOldGen       total 115712K, used 85720K [0x00000000c0000000, 0x00000000c7100000, 0x00000000eab00000)
  object space 115712K, 74% used [0x00000000c0000000,0x00000000c53b60c0,0x00000000c7100000)
 Metaspace       used 84188K, committed 85504K, reserved 1130496K
  class space    used 8520K, committed 9152K, reserved 1048576K
}

Deoptimization events (20 events):
Event: 757.051 Thread 0x0000019bfea47700 Uncommon trap: trap_request=0xffffff45 fr.pc=0x0000019b888d7c58 relative=0x00000000000001b8
Event: 757.051 Thread 0x0000019bfea47700 Uncommon trap: reason=unstable_if action=reinterpret pc=0x0000019b888d7c58 method=org.eclipse.jdt.core.dom.ASTSyntaxErrorPropagator.checkAndTagAsMalformed(Lorg/eclipse/jdt/core/dom/ASTNode;)Z @ 27 c2
Event: 757.051 Thread 0x0000019bfea47700 DEOPT PACKING pc=0x0000019b888d7c58 sp=0x00000070a3efdf30
Event: 757.051 Thread 0x0000019bfea47700 DEOPT UNPACKING pc=0x0000019b800520a3 sp=0x00000070a3efdea0 mode 2
Event: 757.242 Thread 0x0000019b940513c0 Uncommon trap: trap_request=0xffffffcc fr.pc=0x0000019b887bdc58 relative=0x0000000000000c18
Event: 757.242 Thread 0x0000019b940513c0 Uncommon trap: reason=intrinsic_or_type_checked_inlining action=make_not_entrant pc=0x0000019b887bdc58 method=org.eclipse.jdt.internal.compiler.parser.Parser.consumeFormalParameter(Z)V @ 531 c2
Event: 757.242 Thread 0x0000019b940513c0 DEOPT PACKING pc=0x0000019b887bdc58 sp=0x00000070a43fe650
Event: 757.242 Thread 0x0000019b940513c0 DEOPT UNPACKING pc=0x0000019b800520a3 sp=0x00000070a43fe5a8 mode 2
Event: 758.843 Thread 0x0000019bfea47700 DEOPT PACKING pc=0x0000019b81a54391 sp=0x00000070a3efde60
Event: 758.843 Thread 0x0000019bfea47700 DEOPT UNPACKING pc=0x0000019b80052843 sp=0x00000070a3efd368 mode 0
Event: 759.818 Thread 0x0000019bfea47700 Uncommon trap: trap_request=0xffffff45 fr.pc=0x0000019b8825b270 relative=0x00000000000020f0
Event: 759.818 Thread 0x0000019bfea47700 Uncommon trap: reason=unstable_if action=reinterpret pc=0x0000019b8825b270 method=org.eclipse.jdt.internal.codeassist.CompletionEngine.computeRelevanceForCaseMatching([C[C)I @ 18 c2
Event: 759.818 Thread 0x0000019bfea47700 DEOPT PACKING pc=0x0000019b8825b270 sp=0x00000070a3efe260
Event: 759.818 Thread 0x0000019bfea47700 DEOPT UNPACKING pc=0x0000019b800520a3 sp=0x00000070a3efe1b0 mode 2
Event: 759.818 Thread 0x0000019bfea47700 Uncommon trap: trap_request=0xffffff45 fr.pc=0x0000019b884fdb0c relative=0x000000000000080c
Event: 759.818 Thread 0x0000019bfea47700 Uncommon trap: reason=unstable_if action=reinterpret pc=0x0000019b884fdb0c method=org.eclipse.jdt.internal.codeassist.CompletionEngine.computeRelevanceForCaseMatching([C[C)I @ 6 c2
Event: 759.818 Thread 0x0000019bfea47700 DEOPT PACKING pc=0x0000019b884fdb0c sp=0x00000070a3efe1d0
Event: 759.818 Thread 0x0000019bfea47700 DEOPT UNPACKING pc=0x0000019b800520a3 sp=0x00000070a3efe1a0 mode 2
Event: 759.856 Thread 0x0000019bfea48570 DEOPT PACKING pc=0x0000019b81a54391 sp=0x00000070a52fe540
Event: 759.856 Thread 0x0000019bfea48570 DEOPT UNPACKING pc=0x0000019b80052843 sp=0x00000070a52fda48 mode 0

Classes unloaded (12 events):
Event: 9.714 Thread 0x0000019bfba424c0 Unloading class 0x0000000100214800 'java/lang/invoke/LambdaForm$MH+0x0000000100214800'
Event: 9.714 Thread 0x0000019bfba424c0 Unloading class 0x0000000100214400 'java/lang/invoke/LambdaForm$MH+0x0000000100214400'
Event: 9.714 Thread 0x0000019bfba424c0 Unloading class 0x0000000100214000 'java/lang/invoke/LambdaForm$MH+0x0000000100214000'
Event: 9.714 Thread 0x0000019bfba424c0 Unloading class 0x0000000100213c00 'java/lang/invoke/LambdaForm$MH+0x0000000100213c00'
Event: 9.714 Thread 0x0000019bfba424c0 Unloading class 0x0000000100213400 'java/lang/invoke/LambdaForm$BMH+0x0000000100213400'
Event: 9.714 Thread 0x0000019bfba424c0 Unloading class 0x0000000100213000 'java/lang/invoke/LambdaForm$DMH+0x0000000100213000'
Event: 9.714 Thread 0x0000019bfba424c0 Unloading class 0x0000000100210400 'java/lang/invoke/LambdaForm$DMH+0x0000000100210400'
Event: 15.209 Thread 0x0000019bfba424c0 Unloading class 0x000000010037c400 'java/lang/invoke/LambdaForm$MH+0x000000010037c400'
Event: 15.209 Thread 0x0000019bfba424c0 Unloading class 0x000000010037bc00 'java/lang/invoke/LambdaForm$MH+0x000000010037bc00'
Event: 15.209 Thread 0x0000019bfba424c0 Unloading class 0x000000010037b400 'java/lang/invoke/LambdaForm$MH+0x000000010037b400'
Event: 15.209 Thread 0x0000019bfba424c0 Unloading class 0x000000010037ac00 'java/lang/invoke/LambdaForm$MH+0x000000010037ac00'
Event: 15.209 Thread 0x0000019bfba424c0 Unloading class 0x000000010037a400 'java/lang/invoke/LambdaForm$MH+0x000000010037a400'

Classes redefined (0 events):
No events

Internal exceptions (20 events):
Event: 750.507 Thread 0x0000019b9404da00 Exception <a 'java/lang/ClassNotFoundException'{0x00000000eab6d0c8}: sun/net/www/protocol/jdt/Handler> (0x00000000eab6d0c8) 
thrown [s\src\hotspot\share\classfile\systemDictionary.cpp, line 256]
Event: 750.507 Thread 0x0000019b9404da00 Exception <a 'java/lang/ClassNotFoundException'{0x00000000eab6f450}: sun/net/www/protocol/jdt/Handler> (0x00000000eab6f450) 
thrown [s\src\hotspot\share\classfile\systemDictionary.cpp, line 256]
Event: 750.507 Thread 0x0000019b9404da00 Exception <a 'java/lang/ClassNotFoundException'{0x00000000eab71830}: sun/net/www/protocol/jdt/Handler> (0x00000000eab71830) 
thrown [s\src\hotspot\share\classfile\systemDictionary.cpp, line 256]
Event: 751.965 Thread 0x0000019b94053f10 Exception <a 'java/lang/ArrayIndexOutOfBoundsException'{0x00000000eab64598}> (0x00000000eab64598) 
thrown [s\src\hotspot\share\runtime\sharedRuntime.cpp, line 628]
Event: 753.468 Thread 0x0000019b9404f6e0 Exception <a 'java/lang/ClassNotFoundException'{0x00000000ead98ea8}: sun/net/www/protocol/jdt/Handler> (0x00000000ead98ea8) 
thrown [s\src\hotspot\share\classfile\systemDictionary.cpp, line 256]
Event: 753.468 Thread 0x0000019b9404f6e0 Exception <a 'java/lang/ClassNotFoundException'{0x00000000ead9b700}: sun/net/www/protocol/jdt/Handler> (0x00000000ead9b700) 
thrown [s\src\hotspot\share\classfile\systemDictionary.cpp, line 256]
Event: 753.469 Thread 0x0000019b9404f6e0 Exception <a 'java/lang/ClassNotFoundException'{0x00000000ead9fcd8}: sun/net/www/protocol/jdt/Handler> (0x00000000ead9fcd8) 
thrown [s\src\hotspot\share\classfile\systemDictionary.cpp, line 256]
Event: 753.469 Thread 0x0000019b9404f6e0 Exception <a 'java/lang/ClassNotFoundException'{0x00000000eada4200}: sun/net/www/protocol/jdt/Handler> (0x00000000eada4200) 
thrown [s\src\hotspot\share\classfile\systemDictionary.cpp, line 256]
Event: 753.469 Thread 0x0000019b9404f6e0 Exception <a 'java/lang/ClassNotFoundException'{0x00000000eada6588}: sun/net/www/protocol/jdt/Handler> (0x00000000eada6588) 
thrown [s\src\hotspot\share\classfile\systemDictionary.cpp, line 256]
Event: 753.469 Thread 0x0000019b9404f6e0 Exception <a 'java/lang/ClassNotFoundException'{0x00000000eada8930}: sun/net/www/protocol/jdt/Handler> (0x00000000eada8930) 
thrown [s\src\hotspot\share\classfile\systemDictionary.cpp, line 256]
Event: 753.469 Thread 0x0000019b9404f6e0 Exception <a 'java/lang/ClassNotFoundException'{0x00000000eadaad00}: sun/net/www/protocol/jdt/Handler> (0x00000000eadaad00) 
thrown [s\src\hotspot\share\classfile\systemDictionary.cpp, line 256]
Event: 755.363 Thread 0x0000019bfea47700 Exception <a 'java/lang/ArrayIndexOutOfBoundsException'{0x00000000eae80a88}> (0x00000000eae80a88) 
thrown [s\src\hotspot\share\runtime\sharedRuntime.cpp, line 628]
Event: 756.491 Thread 0x0000019bfea493e0 Exception <a 'java/lang/ClassNotFoundException'{0x00000000eb2d7d68}: sun/net/www/protocol/jdt/Handler> (0x00000000eb2d7d68) 
thrown [s\src\hotspot\share\classfile\systemDictionary.cpp, line 256]
Event: 756.491 Thread 0x0000019bfea493e0 Exception <a 'java/lang/ClassNotFoundException'{0x00000000eb2da5c0}: sun/net/www/protocol/jdt/Handler> (0x00000000eb2da5c0) 
thrown [s\src\hotspot\share\classfile\systemDictionary.cpp, line 256]
Event: 756.491 Thread 0x0000019bfea493e0 Exception <a 'java/lang/ClassNotFoundException'{0x00000000eb2deb98}: sun/net/www/protocol/jdt/Handler> (0x00000000eb2deb98) 
thrown [s\src\hotspot\share\classfile\systemDictionary.cpp, line 256]
Event: 756.492 Thread 0x0000019bfea493e0 Exception <a 'java/lang/ClassNotFoundException'{0x00000000eb2e2e80}: sun/net/www/protocol/jdt/Handler> (0x00000000eb2e2e80) 
thrown [s\src\hotspot\share\classfile\systemDictionary.cpp, line 256]
Event: 756.492 Thread 0x0000019bfea493e0 Exception <a 'java/lang/ClassNotFoundException'{0x00000000eb2e5208}: sun/net/www/protocol/jdt/Handler> (0x00000000eb2e5208) 
thrown [s\src\hotspot\share\classfile\systemDictionary.cpp, line 256]
Event: 756.492 Thread 0x0000019bfea493e0 Exception <a 'java/lang/ClassNotFoundException'{0x00000000eb2e75b0}: sun/net/www/protocol/jdt/Handler> (0x00000000eb2e75b0) 
thrown [s\src\hotspot\share\classfile\systemDictionary.cpp, line 256]
Event: 756.492 Thread 0x0000019bfea493e0 Exception <a 'java/lang/ClassNotFoundException'{0x00000000eb2e9980}: sun/net/www/protocol/jdt/Handler> (0x00000000eb2e9980) 
thrown [s\src\hotspot\share\classfile\systemDictionary.cpp, line 256]
Event: 759.794 Thread 0x0000019bfea47700 Exception <a 'java/lang/ArrayIndexOutOfBoundsException'{0x00000000ead1d260}> (0x00000000ead1d260) 
thrown [s\src\hotspot\share\runtime\sharedRuntime.cpp, line 628]

VM Operations (20 events):
Event: 757.294 Executing VM operation: ParallelGCFailedAllocation done
Event: 757.530 Executing VM operation: ParallelGCFailedAllocation
Event: 757.533 Executing VM operation: ParallelGCFailedAllocation done
Event: 758.543 Executing VM operation: Cleanup
Event: 758.543 Executing VM operation: Cleanup done
Event: 759.022 Executing VM operation: ParallelGCFailedAllocation
Event: 759.025 Executing VM operation: ParallelGCFailedAllocation done
Event: 759.043 Executing VM operation: ParallelGCFailedAllocation
Event: 759.045 Executing VM operation: ParallelGCFailedAllocation done
Event: 759.062 Executing VM operation: ParallelGCFailedAllocation
Event: 759.064 Executing VM operation: ParallelGCFailedAllocation done
Event: 759.087 Executing VM operation: ParallelGCFailedAllocation
Event: 759.089 Executing VM operation: ParallelGCFailedAllocation done
Event: 759.808 Executing VM operation: ParallelGCFailedAllocation
Event: 759.812 Executing VM operation: ParallelGCFailedAllocation done
Event: 759.878 Executing VM operation: ParallelGCFailedAllocation
Event: 759.881 Executing VM operation: ParallelGCFailedAllocation done
Event: 759.892 Executing VM operation: ParallelGCFailedAllocation
Event: 759.895 Executing VM operation: ParallelGCFailedAllocation done
Event: 759.910 Executing VM operation: ParallelGCFailedAllocation

Events (20 events):
Event: 756.175 Thread 0x0000019bfba95470 flushing nmethod 0x0000019b81dae710
Event: 756.175 Thread 0x0000019bfba95470 flushing nmethod 0x0000019b81db0710
Event: 756.176 Thread 0x0000019bfba95470 flushing nmethod 0x0000019b81dfb810
Event: 756.176 Thread 0x0000019bfba95470 flushing nmethod 0x0000019b81ea2b10
Event: 756.176 Thread 0x0000019bfba95470 flushing nmethod 0x0000019b81eb6410
Event: 756.176 Thread 0x0000019bfba95470 flushing nmethod 0x0000019b81f6d310
Event: 756.177 Thread 0x0000019bfba95470 flushing nmethod 0x0000019b82085590
Event: 756.177 Thread 0x0000019bfba95470 flushing nmethod 0x0000019b82109390
Event: 756.179 Thread 0x0000019bfba95470 flushing nmethod 0x0000019b82368110
Event: 756.179 Thread 0x0000019bfba95470 flushing nmethod 0x0000019b823b3910
Event: 756.179 Thread 0x0000019bfba95470 flushing nmethod 0x0000019b823bfa10
Event: 756.179 Thread 0x0000019bfba95470 flushing nmethod 0x0000019b823c0c10
Event: 756.179 Thread 0x0000019bfba95470 flushing nmethod 0x0000019b824a3a10
Event: 756.180 Thread 0x0000019bfba95470 flushing nmethod 0x0000019b82583090
Event: 756.180 Thread 0x0000019bfba95470 flushing nmethod 0x0000019b8259cc90
Event: 756.184 Thread 0x0000019bfea46d60 Thread added: 0x0000019bfea46d60
Event: 756.243 Thread 0x0000019bfea47bd0 Thread added: 0x0000019bfea47bd0
Event: 756.355 Thread 0x0000019bfea493e0 Thread added: 0x0000019bfea493e0
Event: 757.530 Thread 0x0000019bfea48570 Thread added: 0x0000019bfea48570
Event: 759.868 Thread 0x0000019bfea48a40 Thread added: 0x0000019bfea48a40


Dynamic libraries:
0x00007ff6e8550000 - 0x00007ff6e855e000 	c:\Users\EJAZ\.vscode\extensions\redhat.java-1.10.0-win32-x64\jre\17.0.4-win32-x86_64\bin\java.exe
0x00007ff9a8570000 - 0x00007ff9a8768000 	C:\Windows\SYSTEM32\ntdll.dll
0x00007ff9a7770000 - 0x00007ff9a782d000 	C:\Windows\System32\KERNEL32.DLL
0x00007ff9a5d20000 - 0x00007ff9a5fee000 	C:\Windows\System32\KERNELBASE.dll
0x00007ff9a63a0000 - 0x00007ff9a64a0000 	C:\Windows\System32\ucrtbase.dll
0x00007ff992420000 - 0x00007ff992439000 	c:\Users\EJAZ\.vscode\extensions\redhat.java-1.10.0-win32-x64\jre\17.0.4-win32-x86_64\bin\VCRUNTIME140.dll
0x00007ff984360000 - 0x00007ff984378000 	c:\Users\EJAZ\.vscode\extensions\redhat.java-1.10.0-win32-x64\jre\17.0.4-win32-x86_64\bin\jli.dll
0x00007ff9a80b0000 - 0x00007ff9a8250000 	C:\Windows\System32\USER32.dll
0x00007ff9a6370000 - 0x00007ff9a6392000 	C:\Windows\System32\win32u.dll
0x00007ff9a5350000 - 0x00007ff9a55ea000 	C:\Windows\WinSxS\amd64_microsoft.windows.common-controls_6595b64144ccf1df_6.0.19041.1110_none_60b5254171f9507e\COMCTL32.dll
0x00007ff9a66a0000 - 0x00007ff9a673e000 	C:\Windows\System32\msvcrt.dll
0x00007ff9a7150000 - 0x00007ff9a717a000 	C:\Windows\System32\GDI32.dll
0x00007ff9a6060000 - 0x00007ff9a616b000 	C:\Windows\System32\gdi32full.dll
0x00007ff9a62d0000 - 0x00007ff9a636d000 	C:\Windows\System32\msvcp_win.dll
0x00007ff9a8420000 - 0x00007ff9a8450000 	C:\Windows\System32\IMM32.DLL
0x00007ff9a4fc0000 - 0x00007ff9a4ff1000 	C:\Windows\system32\nvinitx.dll
0x00007ff9a7b90000 - 0x00007ff9a7c3e000 	C:\Windows\System32\ADVAPI32.dll
0x00007ff9a6890000 - 0x00007ff9a692c000 	C:\Windows\System32\sechost.dll
0x00007ff9a4fb0000 - 0x00007ff9a4fba000 	C:\Windows\SYSTEM32\VERSION.dll
0x00007ff9a7420000 - 0x00007ff9a7545000 	C:\Windows\System32\RPCRT4.dll
0x000000000f000000 - 0x000000000f006000 	C:\Program Files\NVIDIA Corporation\CoProcManager\_etoured.dll
0x00007ff9a0b20000 - 0x00007ff9a0b52000 	C:\Program Files\NVIDIA Corporation\CoProcManager\nvd3d9wrapx.dll
0x00007ff9a7c40000 - 0x00007ff9a80af000 	C:\Windows\System32\SETUPAPI.dll
0x00007ff9a64a0000 - 0x00007ff9a64ee000 	C:\Windows\System32\cfgmgr32.dll
0x00007ff9a65a0000 - 0x00007ff9a65c7000 	C:\Windows\System32\bcrypt.dll
0x00007ff9a0af0000 - 0x00007ff9a0b12000 	C:\Program Files\NVIDIA Corporation\CoProcManager\nvdxgiwrapx.dll
0x00007ff993560000 - 0x00007ff99356c000 	c:\Users\EJAZ\.vscode\extensions\redhat.java-1.10.0-win32-x64\jre\17.0.4-win32-x86_64\bin\vcruntime140_1.dll
0x00007ff971d80000 - 0x00007ff971e11000 	c:\Users\EJAZ\.vscode\extensions\redhat.java-1.10.0-win32-x64\jre\17.0.4-win32-x86_64\bin\msvcp140.dll
0x00007ff970350000 - 0x00007ff970f96000 	c:\Users\EJAZ\.vscode\extensions\redhat.java-1.10.0-win32-x64\jre\17.0.4-win32-x86_64\bin\server\jvm.dll
0x00007ff9a67b0000 - 0x00007ff9a67b8000 	C:\Windows\System32\PSAPI.DLL
0x00007ff9930b0000 - 0x00007ff9930b9000 	C:\Windows\SYSTEM32\WSOCK32.dll
0x00007ff98b590000 - 0x00007ff98b5b7000 	C:\Windows\SYSTEM32\WINMM.dll
0x00007ff9a7550000 - 0x00007ff9a75bb000 	C:\Windows\System32\WS2_32.dll
0x00007ff9a2f20000 - 0x00007ff9a2f32000 	C:\Windows\SYSTEM32\kernel.appcore.dll
0x00007ff992710000 - 0x00007ff99271a000 	c:\Users\EJAZ\.vscode\extensions\redhat.java-1.10.0-win32-x64\jre\17.0.4-win32-x86_64\bin\jimage.dll
0x00007ff9a5640000 - 0x00007ff9a5824000 	C:\Windows\SYSTEM32\DBGHELP.DLL
0x00007ff9a5610000 - 0x00007ff9a563c000 	C:\Windows\SYSTEM32\dbgcore.DLL
0x0000019bf2f10000 - 0x0000019bf2f92000 	C:\Windows\System32\bcryptPrimitives.dll
0x00007ff992520000 - 0x00007ff99252e000 	c:\Users\EJAZ\.vscode\extensions\redhat.java-1.10.0-win32-x64\jre\17.0.4-win32-x86_64\bin\instrument.dll
0x00007ff981530000 - 0x00007ff981555000 	c:\Users\EJAZ\.vscode\extensions\redhat.java-1.10.0-win32-x64\jre\17.0.4-win32-x86_64\bin\java.dll
0x00007ff992470000 - 0x00007ff992488000 	c:\Users\EJAZ\.vscode\extensions\redhat.java-1.10.0-win32-x64\jre\17.0.4-win32-x86_64\bin\zip.dll
0x00007ff9a6930000 - 0x00007ff9a7073000 	C:\Windows\System32\SHELL32.dll
0x00007ff9a2f40000 - 0x00007ff9a36d5000 	C:\Windows\SYSTEM32\windows.storage.dll
0x00007ff9a7830000 - 0x00007ff9a7b84000 	C:\Windows\System32\combase.dll
0x00007ff9a5000000 - 0x00007ff9a5030000 	C:\Windows\SYSTEM32\Wldp.dll
0x00007ff9a8250000 - 0x00007ff9a82fd000 	C:\Windows\System32\SHCORE.dll
0x00007ff9a67d0000 - 0x00007ff9a6825000 	C:\Windows\System32\shlwapi.dll
0x00007ff9a5bd0000 - 0x00007ff9a5bef000 	C:\Windows\SYSTEM32\profapi.dll
0x00007ff992450000 - 0x00007ff992469000 	C:\Users\EJAZ\.vscode\extensions\redhat.java-1.10.0-win32-x64\jre\17.0.4-win32-x86_64\bin\net.dll
0x00007ff99afd0000 - 0x00007ff99b0da000 	C:\Windows\SYSTEM32\WINHTTP.dll
0x00007ff9a4e90000 - 0x00007ff9a4efa000 	C:\Windows\system32\mswsock.dll
0x00007ff988120000 - 0x00007ff988135000 	C:\Users\EJAZ\.vscode\extensions\redhat.java-1.10.0-win32-x64\jre\17.0.4-win32-x86_64\bin\nio.dll
0x00007ff992440000 - 0x00007ff992450000 	c:\Users\EJAZ\.vscode\extensions\redhat.java-1.10.0-win32-x64\jre\17.0.4-win32-x86_64\bin\verify.dll
0x00007ff96fb30000 - 0x00007ff96fb6e000 	C:\Users\EJAZ\AppData\Roaming\Code\User\globalStorage\redhat.java\1.10.0\config_win\org.eclipse.equinox.launcher\org.eclipse.equinox.launcher.win32.win32.x86_64_1.2.500.v20220509-0833\eclipse_11700.dll
0x00007ff9a7210000 - 0x00007ff9a733a000 	C:\Windows\System32\ole32.dll
0x00007ff9a5a20000 - 0x00007ff9a5a38000 	C:\Windows\SYSTEM32\CRYPTSP.dll
0x00007ff9a46b0000 - 0x00007ff9a46e4000 	C:\Windows\system32\rsaenh.dll
0x00007ff9a5b90000 - 0x00007ff9a5bbe000 	C:\Windows\SYSTEM32\USERENV.dll
0x00007ff9a4df0000 - 0x00007ff9a4dfc000 	C:\Windows\SYSTEM32\CRYPTBASE.dll
0x00007ff9a4a00000 - 0x00007ff9a4a3b000 	C:\Windows\SYSTEM32\IPHLPAPI.DLL
0x00007ff9a67c0000 - 0x00007ff9a67c8000 	C:\Windows\System32\NSI.dll
0x00007ff99e9d0000 - 0x00007ff99e9e7000 	C:\Windows\SYSTEM32\dhcpcsvc6.DLL
0x00007ff99e9b0000 - 0x00007ff99e9cd000 	C:\Windows\SYSTEM32\dhcpcsvc.DLL
0x00007ff9a4a40000 - 0x00007ff9a4b0a000 	C:\Windows\SYSTEM32\DNSAPI.dll
0x00007ff997f30000 - 0x00007ff997f74000 	C:\Users\EJAZ\AppData\Local\Temp\jna-2128798\jna5748153128968223198.dll

dbghelp: loaded successfully - version: 4.0.5 - missing functions: none
symbol engine: initialized successfully - sym options: 0x614 - pdb path: .;c:\Users\EJAZ\.vscode\extensions\redhat.java-1.10.0-win32-x64\jre\17.0.4-win32-x86_64\bin;C:\Windows\SYSTEM32;C:\Windows\WinSxS\amd64_microsoft.windows.common-controls_6595b64144ccf1df_6.0.19041.1110_none_60b5254171f9507e;C:\Program Files\NVIDIA Corporation\CoProcManager;c:\Users\EJAZ\.vscode\extensions\redhat.java-1.10.0-win32-x64\jre\17.0.4-win32-x86_64\bin\server;C:\Users\EJAZ\AppData\Roaming\Code\User\globalStorage\redhat.java\1.10.0\config_win\org.eclipse.equinox.launcher\org.eclipse.equinox.launcher.win32.win32.x86_64_1.2.500.v20220509-0833;C:\Users\EJAZ\AppData\Local\Temp\jna-2128798

VM Arguments:
jvm_args: --add-modules=ALL-SYSTEM --add-opens=java.base/java.util=ALL-UNNAMED --add-opens=java.base/java.lang=ALL-UNNAMED --add-opens=java.base/sun.nio.fs=ALL-UNNAMED -Declipse.application=org.eclipse.jdt.ls.core.id1 -Dosgi.bundles.defaultStartLevel=4 -Declipse.product=org.eclipse.jdt.ls.core.product -Djava.import.generatesMetadataFilesAtProjectRoot=false -Dfile.encoding=utf8 -DwatchParentProcess=false -XX:+UseParallelGC -XX:GCTimeRatio=4 -XX:AdaptiveSizePolicyWeight=90 -Dsun.zip.disableMemoryMapping=true -Xmx1G -Xms100m -Xlog:jni+resolve=off -javaagent:c:\Users\EJAZ\.vscode\extensions\redhat.java-1.10.0-win32-x64\lombok\lombok-1.18.24.jar -XX:+HeapDumpOnOutOfMemoryError -XX:HeapDumpPath=c:\Users\EJAZ\AppData\Roaming\Code\User\workspaceStorage\f992ae9089c7dd3efe3ce54fda90f132\redhat.java 
java_command: c:\Users\EJAZ\.vscode\extensions\redhat.java-1.10.0-win32-x64\server\plugins\org.eclipse.equinox.launcher_1.6.400.v20210924-0641.jar -configuration c:\Users\EJAZ\AppData\Roaming\Code\User\globalStorage\redhat.java\1.10.0\config_win -data c:\Users\EJAZ\AppData\Roaming\Code\User\workspaceStorage\f992ae9089c7dd3efe3ce54fda90f132\redhat.java\jdt_ws
java_class_path (initial): c:\Users\EJAZ\.vscode\extensions\redhat.java-1.10.0-win32-x64\server\plugins\org.eclipse.equinox.launcher_1.6.400.v20210924-0641.jar
Launcher Type: SUN_STANDARD

[Global flags]
    uintx AdaptiveSizePolicyWeight                 = 90                                        {product} {command line}
     intx CICompilerCount                          = 4                                         {product} {ergonomic}
    uintx GCTimeRatio                              = 4                                         {product} {command line}
     bool HeapDumpOnOutOfMemoryError               = true                                   {manageable} {command line}
    ccstr HeapDumpPath                             = c:\Users\EJAZ\AppData\Roaming\Code\User\workspaceStorage\f992ae9089c7dd3efe3ce54fda90f132\redhat.java         {manageable} {command line}
   size_t InitialHeapSize                          = 104857600                                 {product} {command line}
   size_t MaxHeapSize                              = 1073741824                                {product} {command line}
   size_t MaxNewSize                               = 357564416                                 {product} {ergonomic}
   size_t MinHeapDeltaBytes                        = 524288                                    {product} {ergonomic}
   size_t MinHeapSize                              = 104857600                                 {product} {command line}
   size_t NewSize                                  = 34603008                                  {product} {ergonomic}
    uintx NonNMethodCodeHeapSize                   = 5839372                                {pd product} {ergonomic}
    uintx NonProfiledCodeHeapSize                  = 122909434                              {pd product} {ergonomic}
   size_t OldSize                                  = 70254592                                  {product} {ergonomic}
    uintx ProfiledCodeHeapSize                     = 122909434                              {pd product} {ergonomic}
    uintx ReservedCodeCacheSize                    = 251658240                              {pd product} {ergonomic}
     bool SegmentedCodeCache                       = true                                      {product} {ergonomic}
   size_t SoftMaxHeapSize                          = 1073741824                             {manageable} {ergonomic}
     bool UseCompressedClassPointers               = true                           {product lp64_product} {ergonomic}
     bool UseCompressedOops                        = true                           {product lp64_product} {ergonomic}
     bool UseLargePagesIndividualAllocation        = false                                  {pd product} {ergonomic}
     bool UseParallelGC                            = true                                      {product} {command line}

Logging:
Log output configuration:
 #0: stdout all=warning,jni+resolve=off uptime,level,tags
 #1: stderr all=off uptime,level,tags

Environment Variables:
PATH=C:\Program Files\Eclipse Adoptium\jdk-11.0.16.101-hotspot\bin;C:\Windows\system32;C:\Windows;C:\Windows\System32\Wbem;C:\Windows\System32\WindowsPowerShell\v1.0\;C:\Windows\System32\OpenSSH\;C:\Program Files\Git\cmd;C:\Users\EJAZ\AppData\Local\Microsoft\WindowsApps;C:\Users\EJAZ\AppData\Local\Programs\Microsoft VS Code\bin;C:\flutter\bin;
USERNAME=EJAZ
OS=Windows_NT
PROCESSOR_IDENTIFIER=Intel64 Family 6 Model 42 Stepping 7, GenuineIntel
TMP=C:\Users\EJAZ\AppData\Local\Temp
TEMP=C:\Users\EJAZ\AppData\Local\Temp



---------------  S Y S T E M  ---------------

OS:
 Windows 10 , 64 bit Build 19041 (10.0.19041.1889)
OS uptime: 0 days 0:16 hours

CPU: total 8 (initial active 8) (4 cores per cpu, 2 threads per core) family 6 model 42 stepping 7 microcode 0x2f, cx8, cmov, fxsr, ht, mmx, sse, sse2, sse3, ssse3, sse4.1, sse4.2, popcnt, tsc, tscinvbit, avx, aes, clmul, vzeroupper, clflush

Memory: 4k page, system-wide physical 8072M (3006M free)
TotalPageFile size 11912M (AvailPageFile size 6264M)
current process WorkingSet (physical memory assigned to process): 414M, peak: 416M
current process commit charge ("private bytes"): 438M, peak: 444M

vm_info: OpenJDK 64-Bit Server VM (17.0.4+8) for windows-amd64 JRE (17.0.4+8), built on Jul 19 2022 16:05:16 by "temurin" with MS VC++ 16.7 (VS2019)

END.
